<?xml version="1.0" encoding="UTF-8"?>
<!-- Generated by org.testng.reporters.JUnitReportReporter -->
<testsuite hostname="DESKTOP-7B89BNQ" failures="0" tests="1" name="runner.RestaurantsPageRunner" time="24.134" errors="0" timestamp="2021-12-06T17:33:47 SGT" skipped="0">
  <testcase classname="runner.RestaurantsPageRunner" name="runScenario" time="24.134"/>
  <system-out/>
</testsuite> <!-- runner.RestaurantsPageRunner -->
