<?xml version="1.0" encoding="UTF-8"?>
<!-- Generated by org.testng.reporters.JUnitReportReporter -->
<testsuite hostname="DESKTOP-7B89BNQ" failures="0" tests="11" name="runner.RegressionRunner" time="112.591" errors="0" timestamp="2021-12-06T19:32:05 SGT" skipped="0">
  <testcase classname="runner.RegressionRunner" name="runScenario" time="8.231"/>
  <system-out/>
  <testcase classname="runner.RegressionRunner" name="runScenario" time="10.288"/>
  <system-out/>
  <testcase classname="runner.RegressionRunner" name="runScenario" time="9.501"/>
  <system-out/>
  <testcase classname="runner.RegressionRunner" name="runScenario" time="34.395"/>
  <system-out/>
  <testcase classname="runner.RegressionRunner" name="runScenario" time="6.550"/>
  <system-out/>
  <testcase classname="runner.RegressionRunner" name="runScenario" time="10.448"/>
  <system-out/>
  <testcase classname="runner.RegressionRunner" name="runScenario" time="7.114"/>
  <system-out/>
  <testcase classname="runner.RegressionRunner" name="runScenario" time="4.218"/>
  <system-out/>
  <testcase classname="runner.RegressionRunner" name="runScenario" time="7.402"/>
  <system-out/>
  <testcase classname="runner.RegressionRunner" name="runScenario" time="7.150"/>
  <system-out/>
  <testcase classname="runner.RegressionRunner" name="runScenario" time="7.294"/>
  <system-out/>
</testsuite> <!-- runner.RegressionRunner -->
