<?xml version="1.0" encoding="UTF-8"?>
<!-- Generated by org.testng.reporters.JUnitReportReporter -->
<testsuite hostname="DESKTOP-7B89BNQ" failures="0" tests="11" name="runner.RegressionRunner" time="160.635" errors="0" timestamp="2021-12-06T17:20:35 SGT" skipped="0">
  <testcase classname="runner.RegressionRunner" name="runScenario" time="17.957"/>
  <system-out/>
  <testcase classname="runner.RegressionRunner" name="runScenario" time="21.395"/>
  <system-out/>
  <testcase classname="runner.RegressionRunner" name="runScenario" time="7.530"/>
  <system-out/>
  <testcase classname="runner.RegressionRunner" name="runScenario" time="17.004"/>
  <system-out/>
  <testcase classname="runner.RegressionRunner" name="runScenario" time="7.753"/>
  <system-out/>
  <testcase classname="runner.RegressionRunner" name="runScenario" time="18.997"/>
  <system-out/>
  <testcase classname="runner.RegressionRunner" name="runScenario" time="7.511"/>
  <system-out/>
  <testcase classname="runner.RegressionRunner" name="runScenario" time="9.794"/>
  <system-out/>
  <testcase classname="runner.RegressionRunner" name="runScenario" time="6.361"/>
  <system-out/>
  <testcase classname="runner.RegressionRunner" name="runScenario" time="10.003"/>
  <system-out/>
  <testcase classname="runner.RegressionRunner" name="runScenario" time="36.330"/>
  <system-out/>
</testsuite> <!-- runner.RegressionRunner -->
