<?xml version="1.0" encoding="UTF-8"?>
<!-- Generated by org.testng.reporters.JUnitReportReporter -->
<testsuite hostname="DESKTOP-7B89BNQ" failures="0" tests="1" name="runner.TestRunner" time="5.752" errors="0" timestamp="2021-11-29T20:08:21 SGT" skipped="0">
  <testcase classname="runner.TestRunner" name="runScenario" time="5.752"/>
  <system-out/>
</testsuite> <!-- runner.TestRunner -->
