<?xml version="1.0" encoding="UTF-8"?>
<!-- Generated by org.testng.reporters.JUnitReportReporter -->
<testsuite hostname="DESKTOP-7B89BNQ" failures="0" tests="11" name="runner.MainPageLocationSearchRunner" time="0.500" errors="11" timestamp="2021-12-07T16:31:09 SGT" skipped="0">
  <testcase classname="runner.MainPageLocationSearchRunner" name="runScenario" time="0.032">
    <error message="Cannot invoke &quot;pageFactory.BasePage.goToUrl(String)&quot; because &quot;steps.LocationSearchStepsDefinitions.basePage&quot; is null" type="java.lang.NullPointerException">
      <![CDATA[java.lang.NullPointerException: Cannot invoke "pageFactory.BasePage.goToUrl(String)" because "steps.LocationSearchStepsDefinitions.basePage" is null
at steps.LocationSearchStepsDefinitions.user_at_main_menu_page(LocationSearchStepsDefinitions.java:16)
at ✽.User at main menu page(file:///C:/Users/Zixiang/git/Swiggy_phase3/Swiggy/src/test/resources/featureFiles/MainPage/LocationSearch.feature:5)
]]>
    </error>
  </testcase> <!-- runScenario -->
  <system-out/>
  <testcase classname="runner.MainPageLocationSearchRunner" name="runScenario" time="0.032">
    <error message="Cannot invoke &quot;pageFactory.BasePage.goToUrl(String)&quot; because &quot;steps.LocationSearchStepsDefinitions.basePage&quot; is null" type="java.lang.NullPointerException">
      <![CDATA[java.lang.NullPointerException: Cannot invoke "pageFactory.BasePage.goToUrl(String)" because "steps.LocationSearchStepsDefinitions.basePage" is null
at steps.LocationSearchStepsDefinitions.user_at_main_menu_page(LocationSearchStepsDefinitions.java:16)
at ✽.User at main menu page(file:///C:/Users/Zixiang/git/Swiggy_phase3/Swiggy/src/test/resources/featureFiles/MainPage/LocationSearch.feature:5)
]]>
    </error>
  </testcase> <!-- runScenario -->
  <system-out/>
  <testcase classname="runner.MainPageLocationSearchRunner" name="runScenario" time="0.024">
    <error message="Cannot invoke &quot;pageFactory.BasePage.goToUrl(String)&quot; because &quot;steps.LocationSearchStepsDefinitions.basePage&quot; is null" type="java.lang.NullPointerException">
      <![CDATA[java.lang.NullPointerException: Cannot invoke "pageFactory.BasePage.goToUrl(String)" because "steps.LocationSearchStepsDefinitions.basePage" is null
at steps.LocationSearchStepsDefinitions.user_at_main_menu_page(LocationSearchStepsDefinitions.java:16)
at ✽.User at main menu page(file:///C:/Users/Zixiang/git/Swiggy_phase3/Swiggy/src/test/resources/featureFiles/MainPage/LocationSearch.feature:5)
]]>
    </error>
  </testcase> <!-- runScenario -->
  <system-out/>
  <testcase classname="runner.MainPageLocationSearchRunner" name="runScenario" time="0.032">
    <error message="Cannot invoke &quot;pageFactory.BasePage.goToUrl(String)&quot; because &quot;steps.LocationSearchStepsDefinitions.basePage&quot; is null" type="java.lang.NullPointerException">
      <![CDATA[java.lang.NullPointerException: Cannot invoke "pageFactory.BasePage.goToUrl(String)" because "steps.LocationSearchStepsDefinitions.basePage" is null
at steps.LocationSearchStepsDefinitions.user_at_main_menu_page(LocationSearchStepsDefinitions.java:16)
at ✽.User at main menu page(file:///C:/Users/Zixiang/git/Swiggy_phase3/Swiggy/src/test/resources/featureFiles/MainPage/LocationSearch.feature:5)
]]>
    </error>
  </testcase> <!-- runScenario -->
  <system-out/>
  <testcase classname="runner.MainPageLocationSearchRunner" name="runScenario" time="0.026">
    <error message="Cannot invoke &quot;pageFactory.BasePage.goToUrl(String)&quot; because &quot;steps.LocationSearchStepsDefinitions.basePage&quot; is null" type="java.lang.NullPointerException">
      <![CDATA[java.lang.NullPointerException: Cannot invoke "pageFactory.BasePage.goToUrl(String)" because "steps.LocationSearchStepsDefinitions.basePage" is null
at steps.LocationSearchStepsDefinitions.user_at_main_menu_page(LocationSearchStepsDefinitions.java:16)
at ✽.User at main menu page(file:///C:/Users/Zixiang/git/Swiggy_phase3/Swiggy/src/test/resources/featureFiles/MainPage/SignUp.feature:5)
]]>
    </error>
  </testcase> <!-- runScenario -->
  <system-out/>
  <testcase classname="runner.MainPageLocationSearchRunner" name="runScenario" time="0.041">
    <error message="Cannot invoke &quot;pageFactory.BasePage.goToUrl(String)&quot; because &quot;steps.LocationSearchStepsDefinitions.basePage&quot; is null" type="java.lang.NullPointerException">
      <![CDATA[java.lang.NullPointerException: Cannot invoke "pageFactory.BasePage.goToUrl(String)" because "steps.LocationSearchStepsDefinitions.basePage" is null
at steps.LocationSearchStepsDefinitions.user_at_main_menu_page(LocationSearchStepsDefinitions.java:16)
at ✽.User at main menu page(file:///C:/Users/Zixiang/git/Swiggy_phase3/Swiggy/src/test/resources/featureFiles/MainPage/LocationSearch.feature:5)
]]>
    </error>
  </testcase> <!-- runScenario -->
  <system-out/>
  <testcase classname="runner.MainPageLocationSearchRunner" name="runScenario" time="0.026">
    <error message="Cannot invoke &quot;pageFactory.BasePage.goToUrl(String)&quot; because &quot;steps.LocationSearchStepsDefinitions.basePage&quot; is null" type="java.lang.NullPointerException">
      <![CDATA[java.lang.NullPointerException: Cannot invoke "pageFactory.BasePage.goToUrl(String)" because "steps.LocationSearchStepsDefinitions.basePage" is null
at steps.LocationSearchStepsDefinitions.user_at_main_menu_page(LocationSearchStepsDefinitions.java:16)
at ✽.User at main menu page(file:///C:/Users/Zixiang/git/Swiggy_phase3/Swiggy/src/test/resources/featureFiles/MainPage/LocationSearch.feature:5)
]]>
    </error>
  </testcase> <!-- runScenario -->
  <system-out/>
  <testcase classname="runner.MainPageLocationSearchRunner" name="runScenario" time="0.030">
    <error message="Cannot invoke &quot;pageFactory.BasePage.goToUrl(String)&quot; because &quot;steps.LocationSearchStepsDefinitions.basePage&quot; is null" type="java.lang.NullPointerException">
      <![CDATA[java.lang.NullPointerException: Cannot invoke "pageFactory.BasePage.goToUrl(String)" because "steps.LocationSearchStepsDefinitions.basePage" is null
at steps.LocationSearchStepsDefinitions.user_at_main_menu_page(LocationSearchStepsDefinitions.java:16)
at ✽.User at main menu page(file:///C:/Users/Zixiang/git/Swiggy_phase3/Swiggy/src/test/resources/featureFiles/MainPage/LocationSearch.feature:5)
]]>
    </error>
  </testcase> <!-- runScenario -->
  <system-out/>
  <testcase classname="runner.MainPageLocationSearchRunner" name="runScenario" time="0.030">
    <error message="Cannot invoke &quot;pageFactory.BasePage.goToUrl(String)&quot; because &quot;steps.LocationSearchStepsDefinitions.basePage&quot; is null" type="java.lang.NullPointerException">
      <![CDATA[java.lang.NullPointerException: Cannot invoke "pageFactory.BasePage.goToUrl(String)" because "steps.LocationSearchStepsDefinitions.basePage" is null
at steps.LocationSearchStepsDefinitions.user_at_main_menu_page(LocationSearchStepsDefinitions.java:16)
at ✽.User at main menu page(file:///C:/Users/Zixiang/git/Swiggy_phase3/Swiggy/src/test/resources/featureFiles/MainPage/LocationSearch.feature:5)
]]>
    </error>
  </testcase> <!-- runScenario -->
  <system-out/>
  <testcase classname="runner.MainPageLocationSearchRunner" name="runScenario" time="0.160">
    <error message="Cannot invoke &quot;pageFactory.BasePage.goToUrl(String)&quot; because &quot;steps.LocationSearchStepsDefinitions.basePage&quot; is null" type="java.lang.NullPointerException">
      <![CDATA[java.lang.NullPointerException: Cannot invoke "pageFactory.BasePage.goToUrl(String)" because "steps.LocationSearchStepsDefinitions.basePage" is null
at steps.LocationSearchStepsDefinitions.user_at_main_menu_page(LocationSearchStepsDefinitions.java:16)
at ✽.User at main menu page(file:///C:/Users/Zixiang/git/Swiggy_phase3/Swiggy/src/test/resources/featureFiles/MainPage/LocationSearch.feature:5)
]]>
    </error>
  </testcase> <!-- runScenario -->
  <system-out/>
  <testcase classname="runner.MainPageLocationSearchRunner" name="runScenario" time="0.067">
    <error message="Cannot invoke &quot;pageFactory.BasePage.goToUrl(String)&quot; because &quot;steps.LocationSearchStepsDefinitions.basePage&quot; is null" type="java.lang.NullPointerException">
      <![CDATA[java.lang.NullPointerException: Cannot invoke "pageFactory.BasePage.goToUrl(String)" because "steps.LocationSearchStepsDefinitions.basePage" is null
at steps.LocationSearchStepsDefinitions.user_at_main_menu_page(LocationSearchStepsDefinitions.java:16)
at ✽.User at main menu page(file:///C:/Users/Zixiang/git/Swiggy_phase3/Swiggy/src/test/resources/featureFiles/MainPage/LocationSearch.feature:5)
]]>
    </error>
  </testcase> <!-- runScenario -->
  <system-out/>
</testsuite> <!-- runner.MainPageLocationSearchRunner -->
