<?xml version="1.0" encoding="UTF-8"?>
<!-- Generated by org.testng.reporters.JUnitReportReporter -->
<testsuite hostname="DESKTOP-7B89BNQ" failures="0" tests="10" name="runner.MainPageLocationSearchBarRunner" time="75.825" errors="0" timestamp="2021-12-03T21:42:29 SGT" skipped="0">
  <testcase classname="runner.MainPageLocationSearchBarRunner" name="runScenario" time="6.938"/>
  <system-out/>
  <testcase classname="runner.MainPageLocationSearchBarRunner" name="runScenario" time="7.117"/>
  <system-out/>
  <testcase classname="runner.MainPageLocationSearchBarRunner" name="runScenario" time="6.915"/>
  <system-out/>
  <testcase classname="runner.MainPageLocationSearchBarRunner" name="runScenario" time="6.968"/>
  <system-out/>
  <testcase classname="runner.MainPageLocationSearchBarRunner" name="runScenario" time="7.219"/>
  <system-out/>
  <testcase classname="runner.MainPageLocationSearchBarRunner" name="runScenario" time="7.816"/>
  <system-out/>
  <testcase classname="runner.MainPageLocationSearchBarRunner" name="runScenario" time="7.003"/>
  <system-out/>
  <testcase classname="runner.MainPageLocationSearchBarRunner" name="runScenario" time="7.725"/>
  <system-out/>
  <testcase classname="runner.MainPageLocationSearchBarRunner" name="runScenario" time="10.742"/>
  <system-out/>
  <testcase classname="runner.MainPageLocationSearchBarRunner" name="runScenario" time="7.382"/>
  <system-out/>
</testsuite> <!-- runner.MainPageLocationSearchBarRunner -->
